0 verbose cli /usr/bin/node-22 /usr/bin/npm
1 info using npm@10.9.2
2 info using node@v22.14.0
3 silly config load:file:/usr/lib/node_modules_22/npm/npmrc
4 silly config load:file:/home/vvkucherova/work/indproject/.npmrc
5 silly config load:file:/home/vvkucherova/.npmrc
6 silly config load:file:/etc/npmrc
7 verbose title npm install postcss postcss-cli autoprefixes
8 verbose argv "install" "postcss" "postcss-cli" "autoprefixes"
9 verbose logfile logs-max:10 dir:/home/vvkucherova/.npm/_logs/2025-03-08T10_55_17_370Z-
10 verbose logfile /home/vvkucherova/.npm/_logs/2025-03-08T10_55_17_370Z-debug-0.log
11 silly logfile done cleaning log files
12 silly packumentCache heap:1051459584 maxSize:262864896 maxEntrySize:131432448
13 silly idealTree buildDeps
14 silly fetch manifest postcss@*
15 silly packumentCache full:https://registry.npmjs.org/postcss cache-miss
16 http fetch GET 200 https://registry.npmjs.org/postcss 2815ms (cache miss)
17 silly packumentCache full:https://registry.npmjs.org/postcss set size:undefined disposed:false
18 silly fetch manifest postcss-cli@*
19 silly packumentCache full:https://registry.npmjs.org/postcss-cli cache-miss
20 http fetch GET 200 https://registry.npmjs.org/postcss-cli 1180ms (cache miss)
21 silly packumentCache full:https://registry.npmjs.org/postcss-cli set size:undefined disposed:false
22 silly fetch manifest autoprefixes@*
23 silly packumentCache full:https://registry.npmjs.org/autoprefixes cache-miss
24 http fetch GET 404 https://registry.npmjs.org/autoprefixes 1243ms (cache skip)
25 silly placeDep ROOT autoprefixes@ OK for:  want: *
26 silly placeDep ROOT postcss@8.5.3 OK for:  want: *
27 silly placeDep ROOT postcss-cli@11.0.0 OK for:  want: *
28 silly fetch manifest nanoid@^3.3.8
29 silly packumentCache full:https://registry.npmjs.org/nanoid cache-miss
30 http fetch GET 200 https://registry.npmjs.org/nanoid 674ms (cache miss)
31 silly packumentCache full:https://registry.npmjs.org/nanoid set size:undefined disposed:false
32 silly fetch manifest picocolors@^1.1.1
33 silly packumentCache full:https://registry.npmjs.org/picocolors cache-miss
34 http fetch GET 200 https://registry.npmjs.org/picocolors 544ms (cache miss)
35 silly packumentCache full:https://registry.npmjs.org/picocolors set size:undefined disposed:false
36 silly fetch manifest source-map-js@^1.2.1
37 silly packumentCache full:https://registry.npmjs.org/source-map-js cache-miss
38 http fetch GET 200 https://registry.npmjs.org/source-map-js 557ms (cache miss)
39 silly packumentCache full:https://registry.npmjs.org/source-map-js set size:undefined disposed:false
40 silly fetch manifest chokidar@^3.3.0
41 silly packumentCache full:https://registry.npmjs.org/chokidar cache-miss
42 http fetch GET 200 https://registry.npmjs.org/chokidar 582ms (cache miss)
43 silly packumentCache full:https://registry.npmjs.org/chokidar set size:undefined disposed:false
44 silly fetch manifest dependency-graph@^0.11.0
45 silly packumentCache full:https://registry.npmjs.org/dependency-graph cache-miss
46 http fetch GET 200 https://registry.npmjs.org/dependency-graph 642ms (cache miss)
47 silly packumentCache full:https://registry.npmjs.org/dependency-graph set size:undefined disposed:false
48 silly fetch manifest fs-extra@^11.0.0
49 silly packumentCache full:https://registry.npmjs.org/fs-extra cache-miss
50 http fetch GET 200 https://registry.npmjs.org/fs-extra 608ms (cache miss)
51 silly packumentCache full:https://registry.npmjs.org/fs-extra set size:undefined disposed:false
52 silly fetch manifest get-stdin@^9.0.0
53 silly packumentCache full:https://registry.npmjs.org/get-stdin cache-miss
54 http fetch GET 200 https://registry.npmjs.org/get-stdin 599ms (cache miss)
55 silly packumentCache full:https://registry.npmjs.org/get-stdin set size:undefined disposed:false
56 silly fetch manifest globby@^14.0.0
57 silly packumentCache full:https://registry.npmjs.org/globby cache-miss
58 http fetch GET 200 https://registry.npmjs.org/globby 591ms (cache miss)
59 silly packumentCache full:https://registry.npmjs.org/globby set size:undefined disposed:false
60 silly fetch manifest picocolors@^1.0.0
61 silly packumentCache full:https://registry.npmjs.org/picocolors cache-miss
62 http cache https://registry.npmjs.org/picocolors 13ms (cache hit)
63 silly packumentCache full:https://registry.npmjs.org/picocolors set size:16648 disposed:false
64 silly fetch manifest postcss-load-config@^5.0.0
65 silly packumentCache full:https://registry.npmjs.org/postcss-load-config cache-miss
66 http fetch GET 200 https://registry.npmjs.org/postcss-load-config 556ms (cache miss)
67 silly packumentCache full:https://registry.npmjs.org/postcss-load-config set size:undefined disposed:false
68 silly fetch manifest postcss-reporter@^7.0.0
69 silly packumentCache full:https://registry.npmjs.org/postcss-reporter cache-miss
70 http fetch GET 200 https://registry.npmjs.org/postcss-reporter 562ms (cache miss)
71 silly packumentCache full:https://registry.npmjs.org/postcss-reporter set size:undefined disposed:false
72 silly fetch manifest pretty-hrtime@^1.0.3
73 silly packumentCache full:https://registry.npmjs.org/pretty-hrtime cache-miss
74 http fetch GET 200 https://registry.npmjs.org/pretty-hrtime 631ms (cache miss)
75 silly packumentCache full:https://registry.npmjs.org/pretty-hrtime set size:undefined disposed:false
76 silly fetch manifest read-cache@^1.0.0
77 silly packumentCache full:https://registry.npmjs.org/read-cache cache-miss
78 http fetch GET 200 https://registry.npmjs.org/read-cache 547ms (cache miss)
79 silly packumentCache full:https://registry.npmjs.org/read-cache set size:undefined disposed:false
80 silly fetch manifest slash@^5.0.0
81 silly packumentCache full:https://registry.npmjs.org/slash cache-miss
82 http fetch GET 200 https://registry.npmjs.org/slash 570ms (cache miss)
83 silly packumentCache full:https://registry.npmjs.org/slash set size:undefined disposed:false
84 silly fetch manifest yargs@^17.0.0
85 silly packumentCache full:https://registry.npmjs.org/yargs cache-miss
86 http fetch GET 200 https://registry.npmjs.org/yargs 751ms (cache miss)
87 silly packumentCache full:https://registry.npmjs.org/yargs set size:undefined disposed:false
88 silly placeDep ROOT nanoid@3.3.9 OK for: postcss@8.5.3 want: ^3.3.8
89 silly placeDep ROOT picocolors@1.1.1 OK for: postcss@8.5.3 want: ^1.1.1
90 silly placeDep ROOT source-map-js@1.2.1 OK for: postcss@8.5.3 want: ^1.2.1
91 silly fetch manifest jiti@>=1.21.0
92 silly packumentCache full:https://registry.npmjs.org/jiti cache-miss
93 http fetch GET 200 https://registry.npmjs.org/jiti 636ms (cache miss)
94 silly packumentCache full:https://registry.npmjs.org/jiti set size:undefined disposed:false
95 silly fetch manifest postcss@^8.0.0
96 silly packumentCache full:https://registry.npmjs.org/postcss cache-miss
97 http cache https://registry.npmjs.org/postcss 9ms (cache hit)
98 silly packumentCache full:https://registry.npmjs.org/postcss set size:687256 disposed:false
99 silly fetch manifest tsx@^4.8.1
100 silly packumentCache full:https://registry.npmjs.org/tsx cache-miss
101 http fetch GET 200 https://registry.npmjs.org/tsx 523ms (cache miss)
102 silly packumentCache full:https://registry.npmjs.org/tsx set size:undefined disposed:false
103 silly placeDep ROOT chokidar@3.6.0 OK for: postcss-cli@11.0.0 want: ^3.3.0
104 silly placeDep ROOT dependency-graph@0.11.0 OK for: postcss-cli@11.0.0 want: ^0.11.0
105 silly placeDep ROOT fs-extra@11.3.0 OK for: postcss-cli@11.0.0 want: ^11.0.0
106 silly placeDep ROOT get-stdin@9.0.0 OK for: postcss-cli@11.0.0 want: ^9.0.0
107 silly placeDep ROOT globby@14.1.0 OK for: postcss-cli@11.0.0 want: ^14.0.0
108 silly placeDep ROOT postcss-load-config@5.1.0 OK for: postcss-cli@11.0.0 want: ^5.0.0
109 silly placeDep ROOT postcss-reporter@7.1.0 OK for: postcss-cli@11.0.0 want: ^7.0.0
110 silly placeDep ROOT pretty-hrtime@1.0.3 OK for: postcss-cli@11.0.0 want: ^1.0.3
111 silly placeDep ROOT read-cache@1.0.0 OK for: postcss-cli@11.0.0 want: ^1.0.0
112 silly placeDep ROOT slash@5.1.0 OK for: postcss-cli@11.0.0 want: ^5.0.0
113 silly placeDep ROOT yargs@17.7.2 OK for: postcss-cli@11.0.0 want: ^17.0.0
114 silly fetch manifest braces@~3.0.2
115 silly packumentCache full:https://registry.npmjs.org/braces cache-miss
116 http fetch GET 200 https://registry.npmjs.org/braces 540ms (cache miss)
117 silly packumentCache full:https://registry.npmjs.org/braces set size:undefined disposed:false
118 silly fetch manifest is-glob@~4.0.1
119 silly packumentCache full:https://registry.npmjs.org/is-glob cache-miss
120 http fetch GET 200 https://registry.npmjs.org/is-glob 560ms (cache miss)
121 silly packumentCache full:https://registry.npmjs.org/is-glob set size:undefined disposed:false
122 silly fetch manifest anymatch@~3.1.2
123 silly packumentCache full:https://registry.npmjs.org/anymatch cache-miss
124 http fetch GET 200 https://registry.npmjs.org/anymatch 857ms (cache miss)
125 silly packumentCache full:https://registry.npmjs.org/anymatch set size:undefined disposed:false
126 silly fetch manifest readdirp@~3.6.0
127 silly packumentCache full:https://registry.npmjs.org/readdirp cache-miss
128 http fetch GET 200 https://registry.npmjs.org/readdirp 395ms (cache miss)
129 silly packumentCache full:https://registry.npmjs.org/readdirp set size:undefined disposed:false
130 silly fetch manifest glob-parent@~5.1.2
131 silly packumentCache full:https://registry.npmjs.org/glob-parent cache-miss
132 http fetch GET 200 https://registry.npmjs.org/glob-parent 578ms (cache miss)
133 silly packumentCache full:https://registry.npmjs.org/glob-parent set size:undefined disposed:false
134 silly fetch manifest is-binary-path@~2.1.0
135 silly packumentCache full:https://registry.npmjs.org/is-binary-path cache-miss
136 http fetch GET 200 https://registry.npmjs.org/is-binary-path 571ms (cache miss)
137 silly packumentCache full:https://registry.npmjs.org/is-binary-path set size:undefined disposed:false
138 silly fetch manifest normalize-path@~3.0.0
139 silly packumentCache full:https://registry.npmjs.org/normalize-path cache-miss
140 http fetch GET 200 https://registry.npmjs.org/normalize-path 550ms (cache miss)
141 silly packumentCache full:https://registry.npmjs.org/normalize-path set size:undefined disposed:false
142 silly fetch manifest fsevents@~2.3.2
143 silly packumentCache full:https://registry.npmjs.org/fsevents cache-miss
144 http fetch GET 200 https://registry.npmjs.org/fsevents 582ms (cache miss)
145 silly packumentCache full:https://registry.npmjs.org/fsevents set size:undefined disposed:false
146 silly fetch manifest graceful-fs@^4.2.0
147 silly packumentCache full:https://registry.npmjs.org/graceful-fs cache-miss
148 http fetch GET 200 https://registry.npmjs.org/graceful-fs 563ms (cache miss)
149 silly packumentCache full:https://registry.npmjs.org/graceful-fs set size:undefined disposed:false
150 silly fetch manifest jsonfile@^6.0.1
151 silly packumentCache full:https://registry.npmjs.org/jsonfile cache-miss
152 http fetch GET 200 https://registry.npmjs.org/jsonfile 575ms (cache miss)
153 silly packumentCache full:https://registry.npmjs.org/jsonfile set size:undefined disposed:false
154 silly fetch manifest universalify@^2.0.0
155 silly packumentCache full:https://registry.npmjs.org/universalify cache-miss
156 http fetch GET 200 https://registry.npmjs.org/universalify 610ms (cache miss)
157 silly packumentCache full:https://registry.npmjs.org/universalify set size:undefined disposed:false
158 silly fetch manifest @sindresorhus/merge-streams@^2.1.0
159 silly packumentCache full:https://registry.npmjs.org/@sindresorhus%2fmerge-streams cache-miss
160 http fetch GET 200 https://registry.npmjs.org/@sindresorhus%2fmerge-streams 686ms (cache miss)
161 silly packumentCache full:https://registry.npmjs.org/@sindresorhus%2fmerge-streams set size:undefined disposed:false
162 silly fetch manifest fast-glob@^3.3.3
163 silly packumentCache full:https://registry.npmjs.org/fast-glob cache-miss
164 http fetch GET 200 https://registry.npmjs.org/fast-glob 580ms (cache miss)
165 silly packumentCache full:https://registry.npmjs.org/fast-glob set size:undefined disposed:false
166 silly fetch manifest ignore@^7.0.3
167 silly packumentCache full:https://registry.npmjs.org/ignore cache-miss
168 http fetch GET 200 https://registry.npmjs.org/ignore 682ms (cache miss)
169 silly packumentCache full:https://registry.npmjs.org/ignore set size:undefined disposed:false
170 silly fetch manifest path-type@^6.0.0
171 silly packumentCache full:https://registry.npmjs.org/path-type cache-miss
172 http fetch GET 200 https://registry.npmjs.org/path-type 609ms (cache miss)
173 silly packumentCache full:https://registry.npmjs.org/path-type set size:undefined disposed:false
174 silly fetch manifest slash@^5.1.0
175 silly packumentCache full:https://registry.npmjs.org/slash cache-miss
176 http cache https://registry.npmjs.org/slash 6ms (cache hit)
177 silly packumentCache full:https://registry.npmjs.org/slash set size:20337 disposed:false
178 silly fetch manifest unicorn-magic@^0.3.0
179 silly packumentCache full:https://registry.npmjs.org/unicorn-magic cache-miss
180 http fetch GET 200 https://registry.npmjs.org/unicorn-magic 575ms (cache miss)
181 silly packumentCache full:https://registry.npmjs.org/unicorn-magic set size:undefined disposed:false
182 silly fetch manifest yaml@^2.4.2
183 silly packumentCache full:https://registry.npmjs.org/yaml cache-miss
184 http fetch GET 200 https://registry.npmjs.org/yaml 619ms (cache miss)
185 silly packumentCache full:https://registry.npmjs.org/yaml set size:undefined disposed:false
186 silly fetch manifest lilconfig@^3.1.1
187 silly packumentCache full:https://registry.npmjs.org/lilconfig cache-miss
188 http fetch GET 200 https://registry.npmjs.org/lilconfig 553ms (cache miss)
189 silly packumentCache full:https://registry.npmjs.org/lilconfig set size:undefined disposed:false
190 silly fetch manifest thenby@^1.3.4
191 silly packumentCache full:https://registry.npmjs.org/thenby cache-miss
192 http fetch GET 200 https://registry.npmjs.org/thenby 554ms (cache miss)
193 silly packumentCache full:https://registry.npmjs.org/thenby set size:undefined disposed:false
194 silly fetch manifest pify@^2.3.0
195 silly packumentCache full:https://registry.npmjs.org/pify cache-miss
196 http fetch GET 200 https://registry.npmjs.org/pify 111ms (cache miss)
197 silly packumentCache full:https://registry.npmjs.org/pify set size:undefined disposed:false
198 silly fetch manifest y18n@^5.0.5
199 silly packumentCache full:https://registry.npmjs.org/y18n cache-miss
200 http fetch GET 200 https://registry.npmjs.org/y18n 590ms (cache miss)
201 silly packumentCache full:https://registry.npmjs.org/y18n set size:undefined disposed:false
202 silly fetch manifest cliui@^8.0.1
203 silly packumentCache full:https://registry.npmjs.org/cliui cache-miss
204 http fetch GET 200 https://registry.npmjs.org/cliui 546ms (cache miss)
205 silly packumentCache full:https://registry.npmjs.org/cliui set size:undefined disposed:false
206 silly fetch manifest escalade@^3.1.1
207 silly packumentCache full:https://registry.npmjs.org/escalade cache-miss
208 http fetch GET 200 https://registry.npmjs.org/escalade 561ms (cache miss)
209 silly packumentCache full:https://registry.npmjs.org/escalade set size:undefined disposed:false
210 silly fetch manifest string-width@^4.2.3
211 silly packumentCache full:https://registry.npmjs.org/string-width cache-miss
212 http fetch GET 200 https://registry.npmjs.org/string-width 570ms (cache miss)
213 silly packumentCache full:https://registry.npmjs.org/string-width set size:undefined disposed:false
214 silly fetch manifest yargs-parser@^21.1.1
215 silly packumentCache full:https://registry.npmjs.org/yargs-parser cache-miss
216 http fetch GET 200 https://registry.npmjs.org/yargs-parser 568ms (cache miss)
217 silly packumentCache full:https://registry.npmjs.org/yargs-parser set size:undefined disposed:false
218 silly fetch manifest get-caller-file@^2.0.5
219 silly packumentCache full:https://registry.npmjs.org/get-caller-file cache-miss
220 http fetch GET 200 https://registry.npmjs.org/get-caller-file 554ms (cache miss)
221 silly packumentCache full:https://registry.npmjs.org/get-caller-file set size:undefined disposed:false
222 silly fetch manifest require-directory@^2.1.1
223 silly packumentCache full:https://registry.npmjs.org/require-directory cache-miss
224 http fetch GET 200 https://registry.npmjs.org/require-directory 565ms (cache miss)
225 silly packumentCache full:https://registry.npmjs.org/require-directory set size:undefined disposed:false
226 silly placeDep ROOT anymatch@3.1.3 OK for: chokidar@3.6.0 want: ~3.1.2
227 silly placeDep ROOT braces@3.0.3 OK for: chokidar@3.6.0 want: ~3.0.2
228 silly placeDep ROOT fsevents@2.3.3 OK for: chokidar@3.6.0 want: ~2.3.2
229 silly placeDep ROOT glob-parent@5.1.2 OK for: chokidar@3.6.0 want: ~5.1.2
230 silly placeDep ROOT is-binary-path@2.1.0 OK for: chokidar@3.6.0 want: ~2.1.0
231 silly placeDep ROOT is-glob@4.0.3 OK for: chokidar@3.6.0 want: ~4.0.1
232 silly placeDep ROOT normalize-path@3.0.0 OK for: chokidar@3.6.0 want: ~3.0.0
233 silly placeDep ROOT readdirp@3.6.0 OK for: chokidar@3.6.0 want: ~3.6.0
234 silly fetch manifest picomatch@^2.0.4
235 silly packumentCache full:https://registry.npmjs.org/picomatch cache-miss
236 http fetch GET 200 https://registry.npmjs.org/picomatch 569ms (cache miss)
237 silly packumentCache full:https://registry.npmjs.org/picomatch set size:undefined disposed:false
238 silly fetch manifest normalize-path@^3.0.0
239 silly packumentCache full:https://registry.npmjs.org/normalize-path cache-miss
240 http cache https://registry.npmjs.org/normalize-path 11ms (cache hit)
241 silly packumentCache full:https://registry.npmjs.org/normalize-path set size:28713 disposed:false
242 silly fetch manifest fill-range@^7.1.1
243 silly packumentCache full:https://registry.npmjs.org/fill-range cache-miss
244 http fetch GET 200 https://registry.npmjs.org/fill-range 692ms (cache miss)
245 silly packumentCache full:https://registry.npmjs.org/fill-range set size:undefined disposed:false
246 silly fetch manifest is-glob@^4.0.1
247 silly packumentCache full:https://registry.npmjs.org/is-glob cache-miss
248 http cache https://registry.npmjs.org/is-glob 4ms (cache hit)
249 silly packumentCache full:https://registry.npmjs.org/is-glob set size:40530 disposed:false
250 silly fetch manifest binary-extensions@^2.0.0
251 silly packumentCache full:https://registry.npmjs.org/binary-extensions cache-miss
252 http fetch GET 200 https://registry.npmjs.org/binary-extensions 544ms (cache miss)
253 silly packumentCache full:https://registry.npmjs.org/binary-extensions set size:undefined disposed:false
254 silly fetch manifest is-extglob@^2.1.1
255 silly packumentCache full:https://registry.npmjs.org/is-extglob cache-miss
256 http fetch GET 200 https://registry.npmjs.org/is-extglob 584ms (cache miss)
257 silly packumentCache full:https://registry.npmjs.org/is-extglob set size:undefined disposed:false
258 silly fetch manifest picomatch@^2.2.1
259 silly packumentCache full:https://registry.npmjs.org/picomatch cache-miss
260 http cache https://registry.npmjs.org/picomatch 4ms (cache hit)
261 silly packumentCache full:https://registry.npmjs.org/picomatch set size:116191 disposed:false
262 silly placeDep ROOT picomatch@2.3.1 OK for: anymatch@3.1.3 want: ^2.0.4
263 silly placeDep ROOT fill-range@7.1.1 OK for: braces@3.0.3 want: ^7.1.1
264 silly fetch manifest to-regex-range@^5.0.1
265 silly packumentCache full:https://registry.npmjs.org/to-regex-range cache-miss
266 http fetch GET 200 https://registry.npmjs.org/to-regex-range 572ms (cache miss)
267 silly packumentCache full:https://registry.npmjs.org/to-regex-range set size:undefined disposed:false
268 silly placeDep ROOT to-regex-range@5.0.1 OK for: fill-range@7.1.1 want: ^5.0.1
269 silly fetch manifest is-number@^7.0.0
270 silly packumentCache full:https://registry.npmjs.org/is-number cache-miss
271 http fetch GET 200 https://registry.npmjs.org/is-number 565ms (cache miss)
272 silly packumentCache full:https://registry.npmjs.org/is-number set size:undefined disposed:false
273 silly placeDep ROOT graceful-fs@4.2.11 OK for: fs-extra@11.3.0 want: ^4.2.0
274 silly placeDep ROOT jsonfile@6.1.0 OK for: fs-extra@11.3.0 want: ^6.0.1
275 silly placeDep ROOT universalify@2.0.1 OK for: fs-extra@11.3.0 want: ^2.0.0
276 silly placeDep ROOT @sindresorhus/merge-streams@2.3.0 OK for: globby@14.1.0 want: ^2.1.0
277 silly placeDep ROOT fast-glob@3.3.3 OK for: globby@14.1.0 want: ^3.3.3
278 silly placeDep ROOT ignore@7.0.3 OK for: globby@14.1.0 want: ^7.0.3
279 silly placeDep ROOT path-type@6.0.0 OK for: globby@14.1.0 want: ^6.0.0
280 silly placeDep ROOT unicorn-magic@0.3.0 OK for: globby@14.1.0 want: ^0.3.0
281 silly fetch manifest @nodelib/fs.stat@^2.0.2
282 silly packumentCache full:https://registry.npmjs.org/@nodelib%2ffs.stat cache-miss
283 http fetch GET 200 https://registry.npmjs.org/@nodelib%2ffs.stat 552ms (cache miss)
284 silly packumentCache full:https://registry.npmjs.org/@nodelib%2ffs.stat set size:undefined disposed:false
285 silly fetch manifest @nodelib/fs.walk@^1.2.3
286 silly packumentCache full:https://registry.npmjs.org/@nodelib%2ffs.walk cache-miss
287 http fetch GET 200 https://registry.npmjs.org/@nodelib%2ffs.walk 869ms (cache miss)
288 silly packumentCache full:https://registry.npmjs.org/@nodelib%2ffs.walk set size:undefined disposed:false
289 silly fetch manifest merge2@^1.3.0
290 silly packumentCache full:https://registry.npmjs.org/merge2 cache-miss
291 http fetch GET 200 https://registry.npmjs.org/merge2 595ms (cache miss)
292 silly packumentCache full:https://registry.npmjs.org/merge2 set size:undefined disposed:false
293 silly fetch manifest micromatch@^4.0.8
294 silly packumentCache full:https://registry.npmjs.org/micromatch cache-miss
295 http fetch GET 200 https://registry.npmjs.org/micromatch 606ms (cache miss)
296 silly packumentCache full:https://registry.npmjs.org/micromatch set size:undefined disposed:false
297 silly placeDep ROOT @nodelib/fs.stat@2.0.5 OK for: fast-glob@3.3.3 want: ^2.0.2
298 silly placeDep ROOT @nodelib/fs.walk@1.2.8 OK for: fast-glob@3.3.3 want: ^1.2.3
299 silly placeDep ROOT merge2@1.4.1 OK for: fast-glob@3.3.3 want: ^1.3.0
300 silly placeDep ROOT micromatch@4.0.8 OK for: fast-glob@3.3.3 want: ^4.0.8
301 silly fetch manifest fastq@^1.6.0
302 silly packumentCache full:https://registry.npmjs.org/fastq cache-miss
303 http fetch GET 200 https://registry.npmjs.org/fastq 548ms (cache miss)
304 silly packumentCache full:https://registry.npmjs.org/fastq set size:undefined disposed:false
305 silly fetch manifest @nodelib/fs.scandir@2.1.5
306 silly packumentCache full:https://registry.npmjs.org/@nodelib%2ffs.scandir cache-miss
307 http fetch GET 200 https://registry.npmjs.org/@nodelib%2ffs.scandir 597ms (cache miss)
308 silly packumentCache full:https://registry.npmjs.org/@nodelib%2ffs.scandir set size:undefined disposed:false
309 silly placeDep ROOT @nodelib/fs.scandir@2.1.5 OK for: @nodelib/fs.walk@1.2.8 want: 2.1.5
310 silly placeDep ROOT fastq@1.19.1 OK for: @nodelib/fs.walk@1.2.8 want: ^1.6.0
311 silly fetch manifest run-parallel@^1.1.9
312 silly packumentCache full:https://registry.npmjs.org/run-parallel cache-miss
313 http fetch GET 200 https://registry.npmjs.org/run-parallel 564ms (cache miss)
314 silly packumentCache full:https://registry.npmjs.org/run-parallel set size:undefined disposed:false
315 silly fetch manifest reusify@^1.0.4
316 silly packumentCache full:https://registry.npmjs.org/reusify cache-miss
317 http fetch GET 200 https://registry.npmjs.org/reusify 569ms (cache miss)
318 silly packumentCache full:https://registry.npmjs.org/reusify set size:undefined disposed:false
319 silly placeDep ROOT run-parallel@1.2.0 OK for: @nodelib/fs.scandir@2.1.5 want: ^1.1.9
320 silly fetch manifest queue-microtask@^1.2.2
321 silly packumentCache full:https://registry.npmjs.org/queue-microtask cache-miss
322 http fetch GET 200 https://registry.npmjs.org/queue-microtask 548ms (cache miss)
323 silly packumentCache full:https://registry.npmjs.org/queue-microtask set size:undefined disposed:false
324 silly placeDep ROOT reusify@1.1.0 OK for: fastq@1.19.1 want: ^1.0.4
325 silly placeDep ROOT binary-extensions@2.3.0 OK for: is-binary-path@2.1.0 want: ^2.0.0
326 silly placeDep ROOT is-extglob@2.1.1 OK for: is-glob@4.0.3 want: ^2.1.1
327 silly placeDep ROOT lilconfig@3.1.3 OK for: postcss-load-config@5.1.0 want: ^3.1.1
328 silly placeDep ROOT yaml@2.7.0 OK for: postcss-load-config@5.1.0 want: ^2.4.2
329 silly placeDep ROOT thenby@1.3.4 OK for: postcss-reporter@7.1.0 want: ^1.3.4
330 silly placeDep ROOT pify@2.3.0 OK for: read-cache@1.0.0 want: ^2.3.0
331 silly placeDep ROOT queue-microtask@1.2.3 OK for: run-parallel@1.2.0 want: ^1.2.2
332 silly placeDep ROOT is-number@7.0.0 OK for: to-regex-range@5.0.1 want: ^7.0.0
333 silly placeDep ROOT cliui@8.0.1 OK for: yargs@17.7.2 want: ^8.0.1
334 silly placeDep ROOT escalade@3.2.0 OK for: yargs@17.7.2 want: ^3.1.1
335 silly placeDep ROOT get-caller-file@2.0.5 OK for: yargs@17.7.2 want: ^2.0.5
336 silly placeDep ROOT require-directory@2.1.1 OK for: yargs@17.7.2 want: ^2.1.1
337 silly placeDep ROOT string-width@4.2.3 OK for: yargs@17.7.2 want: ^4.2.3
338 silly placeDep ROOT y18n@5.0.8 OK for: yargs@17.7.2 want: ^5.0.5
339 silly placeDep ROOT yargs-parser@21.1.1 OK for: yargs@17.7.2 want: ^21.1.1
340 silly fetch manifest wrap-ansi@^7.0.0
341 silly packumentCache full:https://registry.npmjs.org/wrap-ansi cache-miss
342 http fetch GET 200 https://registry.npmjs.org/wrap-ansi 559ms (cache miss)
343 silly packumentCache full:https://registry.npmjs.org/wrap-ansi set size:undefined disposed:false
344 silly fetch manifest strip-ansi@^6.0.1
345 silly packumentCache full:https://registry.npmjs.org/strip-ansi cache-miss
346 http fetch GET 200 https://registry.npmjs.org/strip-ansi 613ms (cache miss)
347 silly packumentCache full:https://registry.npmjs.org/strip-ansi set size:undefined disposed:false
348 silly fetch manifest string-width@^4.2.0
349 silly packumentCache full:https://registry.npmjs.org/string-width cache-miss
350 http cache https://registry.npmjs.org/string-width 4ms (cache hit)
351 silly packumentCache full:https://registry.npmjs.org/string-width set size:61460 disposed:false
352 silly fetch manifest emoji-regex@^8.0.0
353 silly packumentCache full:https://registry.npmjs.org/emoji-regex cache-miss
354 http fetch GET 200 https://registry.npmjs.org/emoji-regex 608ms (cache miss)
355 silly packumentCache full:https://registry.npmjs.org/emoji-regex set size:undefined disposed:false
356 silly fetch manifest is-fullwidth-code-point@^3.0.0
357 silly packumentCache full:https://registry.npmjs.org/is-fullwidth-code-point cache-miss
358 http fetch GET 200 https://registry.npmjs.org/is-fullwidth-code-point 578ms (cache miss)
359 silly packumentCache full:https://registry.npmjs.org/is-fullwidth-code-point set size:undefined disposed:false
360 silly placeDep ROOT strip-ansi@6.0.1 OK for: cliui@8.0.1 want: ^6.0.1
361 silly placeDep ROOT wrap-ansi@7.0.0 OK for: cliui@8.0.1 want: ^7.0.0
362 silly fetch manifest ansi-regex@^5.0.1
363 silly packumentCache full:https://registry.npmjs.org/ansi-regex cache-miss
364 http fetch GET 200 https://registry.npmjs.org/ansi-regex 577ms (cache miss)
365 silly packumentCache full:https://registry.npmjs.org/ansi-regex set size:undefined disposed:false
366 silly fetch manifest ansi-styles@^4.0.0
367 silly packumentCache full:https://registry.npmjs.org/ansi-styles cache-miss
368 http fetch GET 200 https://registry.npmjs.org/ansi-styles 592ms (cache miss)
369 silly packumentCache full:https://registry.npmjs.org/ansi-styles set size:undefined disposed:false
370 silly placeDep ROOT emoji-regex@8.0.0 OK for: string-width@4.2.3 want: ^8.0.0
371 silly placeDep ROOT is-fullwidth-code-point@3.0.0 OK for: string-width@4.2.3 want: ^3.0.0
372 silly placeDep ROOT ansi-regex@5.0.1 OK for: strip-ansi@6.0.1 want: ^5.0.1
373 silly placeDep ROOT ansi-styles@4.3.0 OK for: wrap-ansi@7.0.0 want: ^4.0.0
374 silly fetch manifest color-convert@^2.0.1
375 silly packumentCache full:https://registry.npmjs.org/color-convert cache-miss
376 http fetch GET 200 https://registry.npmjs.org/color-convert 573ms (cache miss)
377 silly packumentCache full:https://registry.npmjs.org/color-convert set size:undefined disposed:false
378 silly placeDep ROOT color-convert@2.0.1 OK for: ansi-styles@4.3.0 want: ^2.0.1
379 silly fetch manifest color-name@~1.1.4
380 silly packumentCache full:https://registry.npmjs.org/color-name cache-miss
381 http fetch GET 200 https://registry.npmjs.org/color-name 692ms (cache miss)
382 silly packumentCache full:https://registry.npmjs.org/color-name set size:undefined disposed:false
383 silly placeDep ROOT color-name@1.1.4 OK for: color-convert@2.0.1 want: ~1.1.4
384 verbose stack HttpErrorGeneral: 404 Not Found - GET https://registry.npmjs.org/autoprefixes - Not found
384 verbose stack     at /usr/lib/node_modules_22/npm/node_modules/npm-registry-fetch/lib/check-response.js:103:15
384 verbose stack     at process.processTicksAndRejections (node:internal/process/task_queues:105:5)
384 verbose stack     at async RegistryFetcher.packument (/usr/lib/node_modules_22/npm/node_modules/pacote/lib/registry.js:90:19)
384 verbose stack     at async RegistryFetcher.manifest (/usr/lib/node_modules_22/npm/node_modules/pacote/lib/registry.js:128:23)
384 verbose stack     at async #fetchManifest (/usr/lib/node_modules_22/npm/node_modules/@npmcli/arborist/lib/arborist/build-ideal-tree.js:1202:20)
384 verbose stack     at async #nodeFromEdge (/usr/lib/node_modules_22/npm/node_modules/@npmcli/arborist/lib/arborist/build-ideal-tree.js:1040:19)
384 verbose stack     at async #buildDepStep (/usr/lib/node_modules_22/npm/node_modules/@npmcli/arborist/lib/arborist/build-ideal-tree.js:904:11)
384 verbose stack     at async Arborist.buildIdealTree (/usr/lib/node_modules_22/npm/node_modules/@npmcli/arborist/lib/arborist/build-ideal-tree.js:181:7)
384 verbose stack     at async Promise.all (index 1)
384 verbose stack     at async Arborist.reify (/usr/lib/node_modules_22/npm/node_modules/@npmcli/arborist/lib/arborist/reify.js:131:5)
385 verbose statusCode 404
386 verbose pkgid autoprefixes@*
387 error code E404
388 error 404 Not Found - GET https://registry.npmjs.org/autoprefixes - Not found
389 error 404
390 error 404  'autoprefixes@*' is not in this registry.
391 error 404
392 error 404 Note that you can also install from a
393 error 404 tarball, folder, http url, or git url.
394 silly unfinished npm timer reify 1741431318552
395 silly unfinished npm timer reify:loadTrees 1741431318553
396 verbose cwd /home/vvkucherova/work/indproject
397 verbose os Linux 6.12.15-200.fc41.x86_64
398 verbose node v22.14.0
399 verbose npm  v10.9.2
400 verbose exit 1
401 verbose code 1
402 error A complete log of this run can be found in: /home/vvkucherova/.npm/_logs/2025-03-08T10_55_17_370Z-debug-0.log
