2025-02-22T16:30:13+0000 [1542] INFO --- DNF5 запущен с аргументами: "dnf -y install texlive-scheme-full" ---
2025-02-22T16:30:13+0000 [1542] DEBUG Loading plugin file="/usr/lib64/dnf5/plugins/builddep_cmd_plugin.so"
2025-02-22T16:30:13+0000 [1542] INFO Loaded dnf5 plugin "builddep" ("/usr/lib64/dnf5/plugins/builddep_cmd_plugin.so") version "1.0.0"
2025-02-22T16:30:13+0000 [1542] DEBUG Loading plugin file="/usr/lib64/dnf5/plugins/changelog_cmd_plugin.so"
2025-02-22T16:30:13+0000 [1542] INFO Loaded dnf5 plugin "changelog" ("/usr/lib64/dnf5/plugins/changelog_cmd_plugin.so") version "1.0.0"
2025-02-22T16:30:13+0000 [1542] DEBUG Loading plugin file="/usr/lib64/dnf5/plugins/config-manager_cmd_plugin.so"
2025-02-22T16:30:13+0000 [1542] INFO Loaded dnf5 plugin "config-manager" ("/usr/lib64/dnf5/plugins/config-manager_cmd_plugin.so") version "0.1.0"
2025-02-22T16:30:13+0000 [1542] DEBUG Loading plugin file="/usr/lib64/dnf5/plugins/copr_cmd_plugin.so"
2025-02-22T16:30:13+0000 [1542] INFO Loaded dnf5 plugin "copr" ("/usr/lib64/dnf5/plugins/copr_cmd_plugin.so") version "0.1.0"
2025-02-22T16:30:13+0000 [1542] DEBUG Loading plugin file="/usr/lib64/dnf5/plugins/needs_restarting_cmd_plugin.so"
2025-02-22T16:30:13+0000 [1542] INFO Loaded dnf5 plugin "needs_restarting" ("/usr/lib64/dnf5/plugins/needs_restarting_cmd_plugin.so") version "1.0.0"
2025-02-22T16:30:13+0000 [1542] DEBUG Loading plugin file="/usr/lib64/dnf5/plugins/repoclosure_cmd_plugin.so"
2025-02-22T16:30:13+0000 [1542] INFO Loaded dnf5 plugin "repoclosure" ("/usr/lib64/dnf5/plugins/repoclosure_cmd_plugin.so") version "1.0.0"
2025-02-22T16:30:13+0000 [1542] DEBUG Loading plugin file="/usr/lib64/dnf5/plugins/reposync_cmd_plugin.so"
2025-02-22T16:30:13+0000 [1542] INFO Loaded dnf5 plugin "reposync" ("/usr/lib64/dnf5/plugins/reposync_cmd_plugin.so") version "1.0.0"
2025-02-22T16:30:13+0000 [1542] DEBUG Creating repo "fedora-cisco-openh264" from config file "/etc/yum.repos.d/fedora-cisco-openh264.repo" section "fedora-cisco-openh264"
2025-02-22T16:30:13+0000 [1542] DEBUG Creating repo "fedora-cisco-openh264-debuginfo" from config file "/etc/yum.repos.d/fedora-cisco-openh264.repo" section "fedora-cisco-openh264-debuginfo"
2025-02-22T16:30:13+0000 [1542] DEBUG Creating repo "fedora-cisco-openh264-source" from config file "/etc/yum.repos.d/fedora-cisco-openh264.repo" section "fedora-cisco-openh264-source"
2025-02-22T16:30:13+0000 [1542] DEBUG Creating repo "updates-testing" from config file "/etc/yum.repos.d/fedora-updates-testing.repo" section "updates-testing"
2025-02-22T16:30:13+0000 [1542] DEBUG Creating repo "updates-testing-debuginfo" from config file "/etc/yum.repos.d/fedora-updates-testing.repo" section "updates-testing-debuginfo"
2025-02-22T16:30:13+0000 [1542] DEBUG Creating repo "updates-testing-source" from config file "/etc/yum.repos.d/fedora-updates-testing.repo" section "updates-testing-source"
2025-02-22T16:30:13+0000 [1542] DEBUG Creating repo "updates" from config file "/etc/yum.repos.d/fedora-updates.repo" section "updates"
2025-02-22T16:30:13+0000 [1542] DEBUG Creating repo "updates-debuginfo" from config file "/etc/yum.repos.d/fedora-updates.repo" section "updates-debuginfo"
2025-02-22T16:30:13+0000 [1542] DEBUG Creating repo "updates-source" from config file "/etc/yum.repos.d/fedora-updates.repo" section "updates-source"
2025-02-22T16:30:13+0000 [1542] DEBUG Creating repo "fedora" from config file "/etc/yum.repos.d/fedora.repo" section "fedora"
2025-02-22T16:30:13+0000 [1542] DEBUG Creating repo "fedora-debuginfo" from config file "/etc/yum.repos.d/fedora.repo" section "fedora-debuginfo"
2025-02-22T16:30:13+0000 [1542] DEBUG Creating repo "fedora-source" from config file "/etc/yum.repos.d/fedora.repo" section "fedora-source"
2025-02-22T16:30:13+0000 [1542] ERROR Команда возвращена с ошибкой: Для выполнения запрошенной операции требуются привилегии суперпользователя. Пожалуйста, войдите в систему как пользователь с повышенными правами или используйте опции "--assumeno" или "--downloadonly", чтобы выполнить команду без изменения состояния системы.
2025-03-01T10:01:33+0000 [1935] INFO --- DNF5 запущен с аргументами: "dnf install git" ---
2025-03-01T10:01:33+0000 [1935] DEBUG Loading plugin file="/usr/lib64/dnf5/plugins/builddep_cmd_plugin.so"
2025-03-01T10:01:33+0000 [1935] INFO Loaded dnf5 plugin "builddep" ("/usr/lib64/dnf5/plugins/builddep_cmd_plugin.so") version "1.0.0"
2025-03-01T10:01:33+0000 [1935] DEBUG Loading plugin file="/usr/lib64/dnf5/plugins/changelog_cmd_plugin.so"
2025-03-01T10:01:33+0000 [1935] INFO Loaded dnf5 plugin "changelog" ("/usr/lib64/dnf5/plugins/changelog_cmd_plugin.so") version "1.0.0"
2025-03-01T10:01:33+0000 [1935] DEBUG Loading plugin file="/usr/lib64/dnf5/plugins/config-manager_cmd_plugin.so"
2025-03-01T10:01:33+0000 [1935] INFO Loaded dnf5 plugin "config-manager" ("/usr/lib64/dnf5/plugins/config-manager_cmd_plugin.so") version "0.1.0"
2025-03-01T10:01:33+0000 [1935] DEBUG Loading plugin file="/usr/lib64/dnf5/plugins/copr_cmd_plugin.so"
2025-03-01T10:01:33+0000 [1935] INFO Loaded dnf5 plugin "copr" ("/usr/lib64/dnf5/plugins/copr_cmd_plugin.so") version "0.1.0"
2025-03-01T10:01:33+0000 [1935] DEBUG Loading plugin file="/usr/lib64/dnf5/plugins/needs_restarting_cmd_plugin.so"
2025-03-01T10:01:33+0000 [1935] INFO Loaded dnf5 plugin "needs_restarting" ("/usr/lib64/dnf5/plugins/needs_restarting_cmd_plugin.so") version "1.0.0"
2025-03-01T10:01:33+0000 [1935] DEBUG Loading plugin file="/usr/lib64/dnf5/plugins/repoclosure_cmd_plugin.so"
2025-03-01T10:01:33+0000 [1935] INFO Loaded dnf5 plugin "repoclosure" ("/usr/lib64/dnf5/plugins/repoclosure_cmd_plugin.so") version "1.0.0"
2025-03-01T10:01:33+0000 [1935] DEBUG Loading plugin file="/usr/lib64/dnf5/plugins/reposync_cmd_plugin.so"
2025-03-01T10:01:33+0000 [1935] INFO Loaded dnf5 plugin "reposync" ("/usr/lib64/dnf5/plugins/reposync_cmd_plugin.so") version "1.0.0"
2025-03-01T10:01:34+0000 [1935] DEBUG Creating repo "fedora-cisco-openh264" from config file "/etc/yum.repos.d/fedora-cisco-openh264.repo" section "fedora-cisco-openh264"
2025-03-01T10:01:34+0000 [1935] DEBUG Creating repo "fedora-cisco-openh264-debuginfo" from config file "/etc/yum.repos.d/fedora-cisco-openh264.repo" section "fedora-cisco-openh264-debuginfo"
2025-03-01T10:01:34+0000 [1935] DEBUG Creating repo "fedora-cisco-openh264-source" from config file "/etc/yum.repos.d/fedora-cisco-openh264.repo" section "fedora-cisco-openh264-source"
2025-03-01T10:01:34+0000 [1935] DEBUG Creating repo "updates-testing" from config file "/etc/yum.repos.d/fedora-updates-testing.repo" section "updates-testing"
2025-03-01T10:01:34+0000 [1935] DEBUG Creating repo "updates-testing-debuginfo" from config file "/etc/yum.repos.d/fedora-updates-testing.repo" section "updates-testing-debuginfo"
2025-03-01T10:01:34+0000 [1935] DEBUG Creating repo "updates-testing-source" from config file "/etc/yum.repos.d/fedora-updates-testing.repo" section "updates-testing-source"
2025-03-01T10:01:34+0000 [1935] DEBUG Creating repo "updates" from config file "/etc/yum.repos.d/fedora-updates.repo" section "updates"
2025-03-01T10:01:34+0000 [1935] DEBUG Creating repo "updates-debuginfo" from config file "/etc/yum.repos.d/fedora-updates.repo" section "updates-debuginfo"
2025-03-01T10:01:34+0000 [1935] DEBUG Creating repo "updates-source" from config file "/etc/yum.repos.d/fedora-updates.repo" section "updates-source"
2025-03-01T10:01:34+0000 [1935] DEBUG Creating repo "fedora" from config file "/etc/yum.repos.d/fedora.repo" section "fedora"
2025-03-01T10:01:34+0000 [1935] DEBUG Creating repo "fedora-debuginfo" from config file "/etc/yum.repos.d/fedora.repo" section "fedora-debuginfo"
2025-03-01T10:01:34+0000 [1935] DEBUG Creating repo "fedora-source" from config file "/etc/yum.repos.d/fedora.repo" section "fedora-source"
2025-03-01T10:01:34+0000 [1935] ERROR Команда возвращена с ошибкой: Для выполнения запрошенной операции требуются привилегии суперпользователя. Пожалуйста, войдите в систему как пользователь с повышенными правами или используйте опции "--assumeno" или "--downloadonly", чтобы выполнить команду без изменения состояния системы.
2025-03-01T14:22:12+0000 [12350] INFO --- DNF5 запущен с аргументами: "dnf install gentoo" ---
2025-03-01T14:22:12+0000 [12350] DEBUG Loading plugin file="/usr/lib64/dnf5/plugins/builddep_cmd_plugin.so"
2025-03-01T14:22:12+0000 [12350] INFO Loaded dnf5 plugin "builddep" ("/usr/lib64/dnf5/plugins/builddep_cmd_plugin.so") version "1.0.0"
2025-03-01T14:22:12+0000 [12350] DEBUG Loading plugin file="/usr/lib64/dnf5/plugins/changelog_cmd_plugin.so"
2025-03-01T14:22:12+0000 [12350] INFO Loaded dnf5 plugin "changelog" ("/usr/lib64/dnf5/plugins/changelog_cmd_plugin.so") version "1.0.0"
2025-03-01T14:22:12+0000 [12350] DEBUG Loading plugin file="/usr/lib64/dnf5/plugins/config-manager_cmd_plugin.so"
2025-03-01T14:22:12+0000 [12350] INFO Loaded dnf5 plugin "config-manager" ("/usr/lib64/dnf5/plugins/config-manager_cmd_plugin.so") version "0.1.0"
2025-03-01T14:22:12+0000 [12350] DEBUG Loading plugin file="/usr/lib64/dnf5/plugins/copr_cmd_plugin.so"
2025-03-01T14:22:12+0000 [12350] INFO Loaded dnf5 plugin "copr" ("/usr/lib64/dnf5/plugins/copr_cmd_plugin.so") version "0.1.0"
2025-03-01T14:22:12+0000 [12350] DEBUG Loading plugin file="/usr/lib64/dnf5/plugins/needs_restarting_cmd_plugin.so"
2025-03-01T14:22:12+0000 [12350] INFO Loaded dnf5 plugin "needs_restarting" ("/usr/lib64/dnf5/plugins/needs_restarting_cmd_plugin.so") version "1.0.0"
2025-03-01T14:22:12+0000 [12350] DEBUG Loading plugin file="/usr/lib64/dnf5/plugins/repoclosure_cmd_plugin.so"
2025-03-01T14:22:12+0000 [12350] INFO Loaded dnf5 plugin "repoclosure" ("/usr/lib64/dnf5/plugins/repoclosure_cmd_plugin.so") version "1.0.0"
2025-03-01T14:22:12+0000 [12350] DEBUG Loading plugin file="/usr/lib64/dnf5/plugins/reposync_cmd_plugin.so"
2025-03-01T14:22:12+0000 [12350] INFO Loaded dnf5 plugin "reposync" ("/usr/lib64/dnf5/plugins/reposync_cmd_plugin.so") version "1.0.0"
2025-03-01T14:22:14+0000 [12350] DEBUG Creating repo "fedora-cisco-openh264" from config file "/etc/yum.repos.d/fedora-cisco-openh264.repo" section "fedora-cisco-openh264"
2025-03-01T14:22:14+0000 [12350] DEBUG Creating repo "fedora-cisco-openh264-debuginfo" from config file "/etc/yum.repos.d/fedora-cisco-openh264.repo" section "fedora-cisco-openh264-debuginfo"
2025-03-01T14:22:14+0000 [12350] DEBUG Creating repo "fedora-cisco-openh264-source" from config file "/etc/yum.repos.d/fedora-cisco-openh264.repo" section "fedora-cisco-openh264-source"
2025-03-01T14:22:14+0000 [12350] DEBUG Creating repo "updates-testing" from config file "/etc/yum.repos.d/fedora-updates-testing.repo" section "updates-testing"
2025-03-01T14:22:14+0000 [12350] DEBUG Creating repo "updates-testing-debuginfo" from config file "/etc/yum.repos.d/fedora-updates-testing.repo" section "updates-testing-debuginfo"
2025-03-01T14:22:14+0000 [12350] DEBUG Creating repo "updates-testing-source" from config file "/etc/yum.repos.d/fedora-updates-testing.repo" section "updates-testing-source"
2025-03-01T14:22:14+0000 [12350] DEBUG Creating repo "updates" from config file "/etc/yum.repos.d/fedora-updates.repo" section "updates"
2025-03-01T14:22:14+0000 [12350] DEBUG Creating repo "updates-debuginfo" from config file "/etc/yum.repos.d/fedora-updates.repo" section "updates-debuginfo"
2025-03-01T14:22:14+0000 [12350] DEBUG Creating repo "updates-source" from config file "/etc/yum.repos.d/fedora-updates.repo" section "updates-source"
2025-03-01T14:22:14+0000 [12350] DEBUG Creating repo "fedora" from config file "/etc/yum.repos.d/fedora.repo" section "fedora"
2025-03-01T14:22:14+0000 [12350] DEBUG Creating repo "fedora-debuginfo" from config file "/etc/yum.repos.d/fedora.repo" section "fedora-debuginfo"
2025-03-01T14:22:14+0000 [12350] DEBUG Creating repo "fedora-source" from config file "/etc/yum.repos.d/fedora.repo" section "fedora-source"
2025-03-01T14:22:14+0000 [12350] ERROR Команда возвращена с ошибкой: Для выполнения запрошенной операции требуются привилегии суперпользователя. Пожалуйста, войдите в систему как пользователь с повышенными правами или используйте опции "--assumeno" или "--downloadonly", чтобы выполнить команду без изменения состояния системы.
2025-03-01T15:12:25+0000 [14244] INFO --- DNF5 запущен с аргументами: "dnf install grim" ---
2025-03-01T15:12:25+0000 [14244] DEBUG Loading plugin file="/usr/lib64/dnf5/plugins/builddep_cmd_plugin.so"
2025-03-01T15:12:25+0000 [14244] INFO Loaded dnf5 plugin "builddep" ("/usr/lib64/dnf5/plugins/builddep_cmd_plugin.so") version "1.0.0"
2025-03-01T15:12:25+0000 [14244] DEBUG Loading plugin file="/usr/lib64/dnf5/plugins/changelog_cmd_plugin.so"
2025-03-01T15:12:25+0000 [14244] INFO Loaded dnf5 plugin "changelog" ("/usr/lib64/dnf5/plugins/changelog_cmd_plugin.so") version "1.0.0"
2025-03-01T15:12:25+0000 [14244] DEBUG Loading plugin file="/usr/lib64/dnf5/plugins/config-manager_cmd_plugin.so"
2025-03-01T15:12:25+0000 [14244] INFO Loaded dnf5 plugin "config-manager" ("/usr/lib64/dnf5/plugins/config-manager_cmd_plugin.so") version "0.1.0"
2025-03-01T15:12:25+0000 [14244] DEBUG Loading plugin file="/usr/lib64/dnf5/plugins/copr_cmd_plugin.so"
2025-03-01T15:12:25+0000 [14244] INFO Loaded dnf5 plugin "copr" ("/usr/lib64/dnf5/plugins/copr_cmd_plugin.so") version "0.1.0"
2025-03-01T15:12:25+0000 [14244] DEBUG Loading plugin file="/usr/lib64/dnf5/plugins/needs_restarting_cmd_plugin.so"
2025-03-01T15:12:25+0000 [14244] INFO Loaded dnf5 plugin "needs_restarting" ("/usr/lib64/dnf5/plugins/needs_restarting_cmd_plugin.so") version "1.0.0"
2025-03-01T15:12:25+0000 [14244] DEBUG Loading plugin file="/usr/lib64/dnf5/plugins/repoclosure_cmd_plugin.so"
2025-03-01T15:12:25+0000 [14244] INFO Loaded dnf5 plugin "repoclosure" ("/usr/lib64/dnf5/plugins/repoclosure_cmd_plugin.so") version "1.0.0"
2025-03-01T15:12:25+0000 [14244] DEBUG Loading plugin file="/usr/lib64/dnf5/plugins/reposync_cmd_plugin.so"
2025-03-01T15:12:25+0000 [14244] INFO Loaded dnf5 plugin "reposync" ("/usr/lib64/dnf5/plugins/reposync_cmd_plugin.so") version "1.0.0"
2025-03-01T15:12:26+0000 [14244] DEBUG Creating repo "fedora-cisco-openh264" from config file "/etc/yum.repos.d/fedora-cisco-openh264.repo" section "fedora-cisco-openh264"
2025-03-01T15:12:26+0000 [14244] DEBUG Creating repo "fedora-cisco-openh264-debuginfo" from config file "/etc/yum.repos.d/fedora-cisco-openh264.repo" section "fedora-cisco-openh264-debuginfo"
2025-03-01T15:12:26+0000 [14244] DEBUG Creating repo "fedora-cisco-openh264-source" from config file "/etc/yum.repos.d/fedora-cisco-openh264.repo" section "fedora-cisco-openh264-source"
2025-03-01T15:12:26+0000 [14244] DEBUG Creating repo "updates-testing" from config file "/etc/yum.repos.d/fedora-updates-testing.repo" section "updates-testing"
2025-03-01T15:12:26+0000 [14244] DEBUG Creating repo "updates-testing-debuginfo" from config file "/etc/yum.repos.d/fedora-updates-testing.repo" section "updates-testing-debuginfo"
2025-03-01T15:12:26+0000 [14244] DEBUG Creating repo "updates-testing-source" from config file "/etc/yum.repos.d/fedora-updates-testing.repo" section "updates-testing-source"
2025-03-01T15:12:26+0000 [14244] DEBUG Creating repo "updates" from config file "/etc/yum.repos.d/fedora-updates.repo" section "updates"
2025-03-01T15:12:26+0000 [14244] DEBUG Creating repo "updates-debuginfo" from config file "/etc/yum.repos.d/fedora-updates.repo" section "updates-debuginfo"
2025-03-01T15:12:26+0000 [14244] DEBUG Creating repo "updates-source" from config file "/etc/yum.repos.d/fedora-updates.repo" section "updates-source"
2025-03-01T15:12:26+0000 [14244] DEBUG Creating repo "fedora" from config file "/etc/yum.repos.d/fedora.repo" section "fedora"
2025-03-01T15:12:26+0000 [14244] DEBUG Creating repo "fedora-debuginfo" from config file "/etc/yum.repos.d/fedora.repo" section "fedora-debuginfo"
2025-03-01T15:12:26+0000 [14244] DEBUG Creating repo "fedora-source" from config file "/etc/yum.repos.d/fedora.repo" section "fedora-source"
2025-03-01T15:12:26+0000 [14244] ERROR Команда возвращена с ошибкой: Для выполнения запрошенной операции требуются привилегии суперпользователя. Пожалуйста, войдите в систему как пользователь с повышенными правами или используйте опции "--assumeno" или "--downloadonly", чтобы выполнить команду без изменения состояния системы.
2025-03-08T11:48:16+0000 [5045] INFO --- DNF5 запущен с аргументами: "dnf copr enable elegos/gitflow" ---
2025-03-08T11:48:16+0000 [5045] DEBUG Loading plugin file="/usr/lib64/dnf5/plugins/builddep_cmd_plugin.so"
2025-03-08T11:48:16+0000 [5045] INFO Loaded dnf5 plugin "builddep" ("/usr/lib64/dnf5/plugins/builddep_cmd_plugin.so") version "1.0.0"
2025-03-08T11:48:16+0000 [5045] DEBUG Loading plugin file="/usr/lib64/dnf5/plugins/changelog_cmd_plugin.so"
2025-03-08T11:48:16+0000 [5045] INFO Loaded dnf5 plugin "changelog" ("/usr/lib64/dnf5/plugins/changelog_cmd_plugin.so") version "1.0.0"
2025-03-08T11:48:16+0000 [5045] DEBUG Loading plugin file="/usr/lib64/dnf5/plugins/config-manager_cmd_plugin.so"
2025-03-08T11:48:16+0000 [5045] INFO Loaded dnf5 plugin "config-manager" ("/usr/lib64/dnf5/plugins/config-manager_cmd_plugin.so") version "0.1.0"
2025-03-08T11:48:16+0000 [5045] DEBUG Loading plugin file="/usr/lib64/dnf5/plugins/copr_cmd_plugin.so"
2025-03-08T11:48:16+0000 [5045] INFO Loaded dnf5 plugin "copr" ("/usr/lib64/dnf5/plugins/copr_cmd_plugin.so") version "0.1.0"
2025-03-08T11:48:16+0000 [5045] DEBUG Loading plugin file="/usr/lib64/dnf5/plugins/needs_restarting_cmd_plugin.so"
2025-03-08T11:48:16+0000 [5045] INFO Loaded dnf5 plugin "needs_restarting" ("/usr/lib64/dnf5/plugins/needs_restarting_cmd_plugin.so") version "1.0.0"
2025-03-08T11:48:16+0000 [5045] DEBUG Loading plugin file="/usr/lib64/dnf5/plugins/repoclosure_cmd_plugin.so"
2025-03-08T11:48:16+0000 [5045] INFO Loaded dnf5 plugin "repoclosure" ("/usr/lib64/dnf5/plugins/repoclosure_cmd_plugin.so") version "1.0.0"
2025-03-08T11:48:16+0000 [5045] DEBUG Loading plugin file="/usr/lib64/dnf5/plugins/reposync_cmd_plugin.so"
2025-03-08T11:48:16+0000 [5045] INFO Loaded dnf5 plugin "reposync" ("/usr/lib64/dnf5/plugins/reposync_cmd_plugin.so") version "1.0.0"
2025-03-08T11:48:18+0000 [5045] DEBUG Creating repo "fedora-cisco-openh264" from config file "/etc/yum.repos.d/fedora-cisco-openh264.repo" section "fedora-cisco-openh264"
2025-03-08T11:48:18+0000 [5045] DEBUG Creating repo "fedora-cisco-openh264-debuginfo" from config file "/etc/yum.repos.d/fedora-cisco-openh264.repo" section "fedora-cisco-openh264-debuginfo"
2025-03-08T11:48:18+0000 [5045] DEBUG Creating repo "fedora-cisco-openh264-source" from config file "/etc/yum.repos.d/fedora-cisco-openh264.repo" section "fedora-cisco-openh264-source"
2025-03-08T11:48:18+0000 [5045] DEBUG Creating repo "updates-testing" from config file "/etc/yum.repos.d/fedora-updates-testing.repo" section "updates-testing"
2025-03-08T11:48:18+0000 [5045] DEBUG Creating repo "updates-testing-debuginfo" from config file "/etc/yum.repos.d/fedora-updates-testing.repo" section "updates-testing-debuginfo"
2025-03-08T11:48:18+0000 [5045] DEBUG Creating repo "updates-testing-source" from config file "/etc/yum.repos.d/fedora-updates-testing.repo" section "updates-testing-source"
2025-03-08T11:48:18+0000 [5045] DEBUG Creating repo "updates" from config file "/etc/yum.repos.d/fedora-updates.repo" section "updates"
2025-03-08T11:48:18+0000 [5045] DEBUG Creating repo "updates-debuginfo" from config file "/etc/yum.repos.d/fedora-updates.repo" section "updates-debuginfo"
2025-03-08T11:48:18+0000 [5045] DEBUG Creating repo "updates-source" from config file "/etc/yum.repos.d/fedora-updates.repo" section "updates-source"
2025-03-08T11:48:18+0000 [5045] DEBUG Creating repo "fedora" from config file "/etc/yum.repos.d/fedora.repo" section "fedora"
2025-03-08T11:48:18+0000 [5045] DEBUG Creating repo "fedora-debuginfo" from config file "/etc/yum.repos.d/fedora.repo" section "fedora-debuginfo"
2025-03-08T11:48:18+0000 [5045] DEBUG Creating repo "fedora-source" from config file "/etc/yum.repos.d/fedora.repo" section "fedora-source"
2025-03-08T11:48:18+0000 [5045] INFO [librepo] Librepo version: 1.19.0 with CURL_GLOBAL_ACK_EINTR support (libcurl/8.9.1 OpenSSL/3.2.4 zlib/1.3.1.zlib-ng brotli/1.1.0 libidn2/2.3.7 libpsl/0.21.5 libssh/0.10.6/openssl/zlib nghttp2/1.62.1 OpenLDAP/2.6.8)
2025-03-08T11:48:18+0000 [5045] DEBUG [librepo] Current date: 2025-03-08T14:48:18+0300
2025-03-08T11:48:18+0000 [5045] DEBUG [librepo] lr_download: Target: https://copr.fedorainfracloud.org/api_3/rpmrepo/elegos/gitflow/fedora-41/ (-)
2025-03-08T11:48:18+0000 [5045] DEBUG [librepo] Selecting mirror for: https://copr.fedorainfracloud.org/api_3/rpmrepo/elegos/gitflow/fedora-41/
2025-03-08T11:48:18+0000 [5045] INFO [librepo] Downloading: https://copr.fedorainfracloud.org/api_3/rpmrepo/elegos/gitflow/fedora-41/
2025-03-08T11:48:18+0000 [5045] DEBUG [librepo] prepare_next_transfer: Resume ignored, existing file was not originally being downloaded by Librepo
2025-03-08T11:48:18+0000 [5045] DEBUG [librepo] lr_download: Downloading started
2025-03-08T11:48:23+0000 [5045] DEBUG [librepo] Transfer finished: https://copr.fedorainfracloud.org/api_3/rpmrepo/elegos/gitflow/fedora-41/ (Effective url: https://copr.fedorainfracloud.org/api_3/rpmrepo/elegos/gitflow/fedora-41/)
2025-03-08T11:48:27+0000 [5045] ERROR Команда возвращена с ошибкой: filesystem error: cannot set permissions: Нет такого файла или каталога [/etc/yum.repos.d/_copr:copr.fedorainfracloud.org:elegos:gitflow.repo]
2025-03-08T11:49:52+0000 [5106] INFO --- DNF5 запущен с аргументами: "dnf install gitflow" ---
2025-03-08T11:49:52+0000 [5106] DEBUG Loading plugin file="/usr/lib64/dnf5/plugins/builddep_cmd_plugin.so"
2025-03-08T11:49:52+0000 [5106] INFO Loaded dnf5 plugin "builddep" ("/usr/lib64/dnf5/plugins/builddep_cmd_plugin.so") version "1.0.0"
2025-03-08T11:49:52+0000 [5106] DEBUG Loading plugin file="/usr/lib64/dnf5/plugins/changelog_cmd_plugin.so"
2025-03-08T11:49:52+0000 [5106] INFO Loaded dnf5 plugin "changelog" ("/usr/lib64/dnf5/plugins/changelog_cmd_plugin.so") version "1.0.0"
2025-03-08T11:49:52+0000 [5106] DEBUG Loading plugin file="/usr/lib64/dnf5/plugins/config-manager_cmd_plugin.so"
2025-03-08T11:49:52+0000 [5106] INFO Loaded dnf5 plugin "config-manager" ("/usr/lib64/dnf5/plugins/config-manager_cmd_plugin.so") version "0.1.0"
2025-03-08T11:49:52+0000 [5106] DEBUG Loading plugin file="/usr/lib64/dnf5/plugins/copr_cmd_plugin.so"
2025-03-08T11:49:52+0000 [5106] INFO Loaded dnf5 plugin "copr" ("/usr/lib64/dnf5/plugins/copr_cmd_plugin.so") version "0.1.0"
2025-03-08T11:49:52+0000 [5106] DEBUG Loading plugin file="/usr/lib64/dnf5/plugins/needs_restarting_cmd_plugin.so"
2025-03-08T11:49:52+0000 [5106] INFO Loaded dnf5 plugin "needs_restarting" ("/usr/lib64/dnf5/plugins/needs_restarting_cmd_plugin.so") version "1.0.0"
2025-03-08T11:49:52+0000 [5106] DEBUG Loading plugin file="/usr/lib64/dnf5/plugins/repoclosure_cmd_plugin.so"
2025-03-08T11:49:52+0000 [5106] INFO Loaded dnf5 plugin "repoclosure" ("/usr/lib64/dnf5/plugins/repoclosure_cmd_plugin.so") version "1.0.0"
2025-03-08T11:49:52+0000 [5106] DEBUG Loading plugin file="/usr/lib64/dnf5/plugins/reposync_cmd_plugin.so"
2025-03-08T11:49:52+0000 [5106] INFO Loaded dnf5 plugin "reposync" ("/usr/lib64/dnf5/plugins/reposync_cmd_plugin.so") version "1.0.0"
2025-03-08T11:49:53+0000 [5106] DEBUG Creating repo "fedora-cisco-openh264" from config file "/etc/yum.repos.d/fedora-cisco-openh264.repo" section "fedora-cisco-openh264"
2025-03-08T11:49:53+0000 [5106] DEBUG Creating repo "fedora-cisco-openh264-debuginfo" from config file "/etc/yum.repos.d/fedora-cisco-openh264.repo" section "fedora-cisco-openh264-debuginfo"
2025-03-08T11:49:53+0000 [5106] DEBUG Creating repo "fedora-cisco-openh264-source" from config file "/etc/yum.repos.d/fedora-cisco-openh264.repo" section "fedora-cisco-openh264-source"
2025-03-08T11:49:53+0000 [5106] DEBUG Creating repo "updates-testing" from config file "/etc/yum.repos.d/fedora-updates-testing.repo" section "updates-testing"
2025-03-08T11:49:53+0000 [5106] DEBUG Creating repo "updates-testing-debuginfo" from config file "/etc/yum.repos.d/fedora-updates-testing.repo" section "updates-testing-debuginfo"
2025-03-08T11:49:53+0000 [5106] DEBUG Creating repo "updates-testing-source" from config file "/etc/yum.repos.d/fedora-updates-testing.repo" section "updates-testing-source"
2025-03-08T11:49:53+0000 [5106] DEBUG Creating repo "updates" from config file "/etc/yum.repos.d/fedora-updates.repo" section "updates"
2025-03-08T11:49:53+0000 [5106] DEBUG Creating repo "updates-debuginfo" from config file "/etc/yum.repos.d/fedora-updates.repo" section "updates-debuginfo"
2025-03-08T11:49:53+0000 [5106] DEBUG Creating repo "updates-source" from config file "/etc/yum.repos.d/fedora-updates.repo" section "updates-source"
2025-03-08T11:49:53+0000 [5106] DEBUG Creating repo "fedora" from config file "/etc/yum.repos.d/fedora.repo" section "fedora"
2025-03-08T11:49:53+0000 [5106] DEBUG Creating repo "fedora-debuginfo" from config file "/etc/yum.repos.d/fedora.repo" section "fedora-debuginfo"
2025-03-08T11:49:53+0000 [5106] DEBUG Creating repo "fedora-source" from config file "/etc/yum.repos.d/fedora.repo" section "fedora-source"
2025-03-08T11:49:53+0000 [5106] ERROR Команда возвращена с ошибкой: Для выполнения запрошенной операции требуются привилегии суперпользователя. Пожалуйста, войдите в систему как пользователь с повышенными правами или используйте опции "--assumeno" или "--downloadonly", чтобы выполнить команду без изменения состояния системы.
